[2017-05-08 04:30:57]: the server is start.
[2017-05-08 04:30:59]: the server is start.
[2017-05-08 04:31:07]: the server is stopping...
[2017-05-08 04:31:07]: the server is stopped!
[2017-05-08 04:31:19]: the server is start.
[2017-05-08 04:31:28]: the server is stopping...
[2017-05-08 04:31:28]: the server is stopped!
[2017-05-08 04:31:49]: the server is start.
[2017-05-08 04:31:56]: the server is stopping...
[2017-05-08 04:31:56]: the server is stopped!
[2017-05-08 04:31:57]: the server is stopping...
[2017-05-08 04:31:57]: the server is stopped!
[2017-05-08 04:33:27]: the server is start.
[2017-05-08 04:33:31]: the server is start.
[2017-05-08 04:33:39]: the server is stopping...
[2017-05-08 04:33:39]: the server is stopped!
[2017-05-08 04:37:46]: the server is stopping...
[2017-05-08 04:37:46]: the server is stopped!
[2017-05-08 05:12:27]: the server is start.
[2017-05-08 05:12:30]: the server is start.
[2017-05-08 05:12:38]: the server is stopping...
[2017-05-08 05:12:38]: the server is stopped!
[2017-05-08 05:12:50]: the server is start.
[2017-05-08 05:12:53]: the server is stopping...
[2017-05-08 05:12:53]: the server is stopped!
[2017-05-08 05:13:20]: the server is start.
[2017-05-08 05:13:23]: the server is stopping...
[2017-05-08 05:13:23]: the server is stopped!
[2017-05-08 05:13:49]: the server is start.
[2017-05-08 05:13:51]: the server is stopping...
[2017-05-08 05:13:51]: the server is stopped!
[2017-05-08 05:13:52]: the server is stopping...
[2017-05-08 05:13:52]: the server is stopped!
[2017-05-08 05:20:36]: the server is start.
[2017-05-08 05:20:40]: the server is stopping...
[2017-05-08 05:20:40]: the server is stopped!
[2017-05-08 05:27:07]: the server is start.
[2017-05-08 05:27:19]: the server is stopping...
[2017-05-08 05:27:19]: the server is stopped!
[2017-05-08 05:28:43]: the server is start.
[2017-05-08 05:28:45]: the server is stopping...
[2017-05-08 05:28:45]: the server is stopped!
[2017-05-08 05:32:27]: the server is start.
[2017-05-08 05:32:43]: the server is stopping...
[2017-05-08 05:32:43]: the server is stopped!
[2017-05-08 05:35:34]: the server is start.
[2017-05-08 05:35:48]: the server is stopping...
[2017-05-08 05:35:48]: the server is stopped!
[2017-05-08 05:40:35]: the server is start.
[2017-05-08 05:40:36]: the server is stopping...
[2017-05-08 05:40:36]: the server is stopped!
[2017-05-08 05:41:30]: the server is start.
[2017-05-08 05:41:31]: the server is stopping...
[2017-05-08 05:41:31]: the server is stopped!
[2017-05-08 05:41:58]: the server is start.
[2017-05-08 05:43:48]: the server is stopping...
[2017-05-08 05:43:48]: the server is stopped!
[2017-05-09 09:43:04]: the server is start.
[2017-05-09 09:43:52]: the server is start.
[2017-05-09 09:44:18]: the server is stopping...
[2017-05-09 09:44:18]: the server is stopped!
[2017-05-09 09:45:23]: the server is start.
[2017-05-09 09:45:34]: the server is stopping...
[2017-05-09 09:45:34]: the server is stopped!
[2017-05-09 09:46:22]: the server is start.
[2017-05-09 09:46:24]: the server is stopping...
[2017-05-09 09:46:24]: the server is stopped!
[2017-05-09 09:46:44]: the server is start.
[2017-05-09 09:46:58]: the server is stopping...
[2017-05-09 09:46:58]: the server is stopped!
[2017-05-09 10:26:38]: the server is start.
[2017-05-09 10:26:42]: the server is stopping...
[2017-05-09 10:26:42]: the server is stopped!
[2017-05-09 10:27:18]: the server is start.
[2017-05-09 10:27:24]: the server is stopping...
[2017-05-09 10:27:24]: the server is stopped!
[2017-05-09 10:29:27]: the server is start.
[2017-05-09 10:29:44]: the server is stopping...
[2017-05-09 10:29:44]: the server is stopped!
[2017-05-09 10:30:31]: the server is start.
[2017-05-09 10:30:55]: the server is stopping...
[2017-05-09 10:30:55]: the server is stopped!
[2017-05-09 10:31:15]: the server is start.
[2017-05-09 10:31:33]: the server is stopping...
[2017-05-09 10:31:33]: the server is stopped!
[2017-05-09 10:34:55]: the server is start.
[2017-05-09 10:35:01]: the server is stopping...
[2017-05-09 10:35:01]: the server is stopped!
[2017-05-09 10:35:19]: the server is start.
[2017-05-09 10:35:28]: the server is stopping...
[2017-05-09 10:35:28]: the server is stopped!
[2017-05-09 10:36:00]: the server is start.
[2017-05-09 10:36:09]: the server is stopping...
[2017-05-09 10:36:09]: the server is stopped!
[2017-05-09 10:37:15]: the server is start.
[2017-05-09 10:37:36]: the server is stopping...
[2017-05-09 10:37:36]: the server is stopped!
[2017-05-09 10:48:41]: the server is start.
[2017-05-09 10:48:44]: the server is stopping...
[2017-05-09 10:48:44]: the server is stopped!
[2017-05-09 10:57:43]: the server is start.
[2017-05-09 10:57:52]: the server is stopping...
[2017-05-09 10:57:52]: the server is stopped!
[2017-05-09 10:58:15]: the server is start.
[2017-05-09 10:58:20]: the server is stopping...
[2017-05-09 10:58:20]: the server is stopped!
[2017-05-09 10:58:31]: the server is start.
[2017-05-09 10:58:38]: the server is stopping...
[2017-05-09 10:58:38]: the server is stopped!
[2017-05-09 11:08:44]: the server is start.
[2017-05-09 11:08:51]: the server is stopping...
[2017-05-09 11:08:51]: the server is stopped!
[2017-05-09 11:23:50]: the server is start.
[2017-05-09 11:23:55]: the server is stopping...
[2017-05-09 11:23:55]: the server is stopped!
[2017-05-09 11:45:02]: the server is start.
[2017-05-09 11:45:11]: the server is stopping...
[2017-05-09 11:45:11]: the server is stopped!
[2017-05-09 11:45:24]: the server is start.
[2017-05-09 11:45:35]: the server is start.
[2017-05-09 11:45:51]: the server is stopping...
[2017-05-09 11:45:51]: the server is stopped!
[2017-05-09 11:45:53]: the server is start.
[2017-05-09 11:45:57]: the server is stopping...
[2017-05-09 11:45:57]: the server is stopped!
[2017-05-09 11:45:58]: the server is start.
[2017-05-09 11:46:00]: the server is stopping...
[2017-05-09 11:46:00]: the server is stopped!
[2017-05-09 11:46:02]: the server is stopping...
[2017-05-09 11:46:02]: the server is stopped!
[2017-05-09 01:56:40]: the server is start.
[2017-05-09 01:56:42]: the server is stopping...
[2017-05-09 01:56:42]: the server is stopped!
[2017-05-09 01:57:14]: the server is start.
[2017-05-09 01:57:17]: the server is start.
[2017-05-09 01:57:26]: the server is stopping...
[2017-05-09 01:57:26]: the server is stopped!
[2017-05-09 01:57:28]: the server is stopping...
[2017-05-09 01:57:28]: the server is stopped!
[2017-05-09 01:59:02]: the server is start.
[2017-05-09 01:59:03]: the server is stopping...
[2017-05-09 01:59:03]: the server is stopped!
[2017-05-09 02:50:18]: the server is start.
[2017-05-09 02:50:20]: the server is start.
[2017-05-09 02:50:31]: the server is stopping...
[2017-05-09 02:50:31]: the server is stopped!
[2017-05-09 02:51:26]: the server is start.
[2017-05-09 02:51:32]: the server is stopping...
[2017-05-09 02:51:32]: the server is stopped!
[2017-05-09 02:51:33]: the server is start.
[2017-05-09 02:51:52]: the server is stopping...
[2017-05-09 02:51:52]: the server is stopped!
[2017-05-09 02:52:07]: the server is start.
[2017-05-09 02:52:11]: the server is stopping...
[2017-05-09 02:52:11]: the server is stopped!
[2017-05-09 02:53:45]: the server is start.
[2017-05-09 02:53:57]: the server is stopping...
[2017-05-09 02:53:57]: the server is stopped!
[2017-05-09 02:54:04]: the server is start.
[2017-05-09 02:54:13]: the server is stopping...
[2017-05-09 02:54:13]: the server is stopped!
[2017-05-09 02:54:15]: the server is start.
[2017-05-09 02:54:18]: the server is stopping...
[2017-05-09 02:54:18]: the server is stopped!
[2017-05-09 03:05:26]: the server is start.
[2017-05-09 03:05:30]: the server is stopping...
[2017-05-09 03:05:30]: the server is stopped!
[2017-05-09 03:05:32]: the server is stopping...
[2017-05-09 03:05:32]: the server is stopped!
[2017-05-09 03:05:36]: the server is start.
[2017-05-09 03:05:38]: the server is start.
[2017-05-09 03:05:47]: the server is stopping...
[2017-05-09 03:05:47]: the server is stopped!
[2017-05-09 03:05:49]: the server is start.
[2017-05-09 03:06:49]: the server is stopping...
[2017-05-09 03:06:49]: the server is stopped!
[2017-05-09 03:06:51]: the server is start.
[2017-05-09 03:07:00]: the server is stopping...
[2017-05-09 03:07:00]: the server is stopped!
[2017-05-09 03:07:00]: the server is start.
[2017-05-09 03:07:04]: the server is stopping...
[2017-05-09 03:07:04]: the server is stopped!
[2017-05-09 03:07:05]: the server is start.
[2017-05-09 03:07:14]: the server is stopping...
[2017-05-09 03:07:14]: the server is stopped!
[2017-05-09 03:07:15]: the server is start.
[2017-05-09 03:07:19]: the server is stopping...
[2017-05-09 03:07:19]: the server is stopped!
[2017-05-09 03:07:19]: the server is start.
[2017-05-09 03:07:21]: the server is stopping...
[2017-05-09 03:07:21]: the server is stopped!
[2017-05-09 03:07:22]: the server is start.
[2017-05-09 03:07:36]: the server is stopping...
[2017-05-09 03:07:36]: the server is stopped!
[2017-05-09 03:07:37]: the server is start.
[2017-05-09 03:07:39]: the server is stopping...
[2017-05-09 03:07:39]: the server is stopped!
[2017-05-09 03:07:40]: the server is start.
[2017-05-09 03:08:56]: the server is stopping...
[2017-05-09 03:08:56]: the server is stopped!
[2017-05-09 03:08:57]: the server is start.
[2017-05-09 03:08:59]: the server is stopping...
[2017-05-09 03:08:59]: the server is stopped!
[2017-05-09 03:09:00]: the server is start.
[2017-05-09 03:09:02]: the server is stopping...
[2017-05-09 03:09:02]: the server is stopped!
[2017-05-09 03:09:03]: the server is start.
[2017-05-09 03:09:10]: the server is stopping...
[2017-05-09 03:09:10]: the server is stopped!
[2017-05-09 03:09:11]: the server is start.
[2017-05-09 03:09:13]: the server is stopping...
[2017-05-09 03:09:13]: the server is stopped!
[2017-05-09 03:09:14]: the server is start.
[2017-05-09 03:09:21]: the server is stopping...
[2017-05-09 03:09:21]: the server is stopped!
[2017-05-09 03:09:22]: the server is start.
[2017-05-09 03:09:24]: the server is stopping...
[2017-05-09 03:09:24]: the server is stopped!
[2017-05-09 03:09:25]: the server is start.
[2017-05-09 03:09:29]: the server is stopping...
[2017-05-09 03:09:29]: the server is stopped!
[2017-05-09 03:09:30]: the server is start.
[2017-05-09 03:09:33]: the server is stopping...
[2017-05-09 03:09:33]: the server is stopped!
[2017-05-09 03:09:34]: the server is start.
[2017-05-09 03:09:38]: the server is stopping...
[2017-05-09 03:09:38]: the server is stopped!
[2017-05-09 03:09:38]: the server is start.
[2017-05-09 03:09:42]: the server is stopping...
[2017-05-09 03:09:42]: the server is stopped!
[2017-05-09 03:09:43]: the server is start.
[2017-05-09 03:09:47]: the server is stopping...
[2017-05-09 03:09:47]: the server is stopped!
[2017-05-09 03:09:53]: the server is stopping...
[2017-05-09 03:09:53]: the server is stopped!
[2017-05-09 03:12:27]: the server is start.
[2017-05-09 03:12:31]: the server is start.
[2017-05-09 03:12:37]: the server is stopping...
[2017-05-09 03:12:37]: the server is stopped!
[2017-05-09 03:12:39]: the server is start.
[2017-05-09 03:13:16]: the server is stopping...
[2017-05-09 03:13:16]: the server is stopped!
[2017-05-09 03:13:17]: the server is start.
[2017-05-09 03:13:19]: the server is stopping...
[2017-05-09 03:13:19]: the server is stopped!
[2017-05-09 03:13:20]: the server is stopping...
[2017-05-09 03:13:20]: the server is stopped!
[2017-05-09 03:14:30]: the server is start.
[2017-05-09 03:14:31]: the server is start.
[2017-05-09 03:14:36]: the server is stopping...
[2017-05-09 03:14:36]: the server is stopped!
[2017-05-09 03:14:37]: the server is start.
[2017-05-09 03:14:40]: the server is stopping...
[2017-05-09 03:14:40]: the server is stopped!
[2017-05-09 03:14:41]: the server is start.
[2017-05-09 03:14:45]: the server is stopping...
[2017-05-09 03:14:45]: the server is stopped!
[2017-05-09 03:14:46]: the server is start.
[2017-05-09 03:14:49]: the server is stopping...
[2017-05-09 03:14:49]: the server is stopped!
[2017-05-09 03:14:50]: the server is start.
[2017-05-09 03:14:53]: the server is stopping...
[2017-05-09 03:14:53]: the server is stopped!
[2017-05-09 03:14:54]: the server is stopping...
[2017-05-09 03:14:54]: the server is stopped!
[2017-05-09 03:20:58]: the server is start.
[2017-05-09 03:21:00]: the server is start.
[2017-05-09 03:22:38]: the server is stopping...
[2017-05-09 03:22:38]: the server is stopped!
[2017-05-09 03:22:39]: the server is start.
[2017-05-09 03:25:36]: the server is stopping...
[2017-05-09 03:25:36]: the server is stopped!
[2017-05-09 03:25:37]: the server is start.
[2017-05-09 03:25:38]: the server is stopping...
[2017-05-09 03:25:38]: the server is stopped!
[2017-05-09 03:25:39]: the server is start.
[2017-05-09 03:25:46]: the server is stopping...
[2017-05-09 03:25:46]: the server is stopped!
[2017-05-09 03:25:47]: the server is start.
[2017-05-09 03:25:54]: the server is stopping...
[2017-05-09 03:25:54]: the server is stopped!
[2017-05-09 03:25:55]: the server is start.
[2017-05-09 03:26:00]: the server is stopping...
[2017-05-09 03:26:00]: the server is stopped!
[2017-05-09 03:26:01]: the server is start.
[2017-05-09 03:28:19]: the server is stopping...
[2017-05-09 03:28:19]: the server is stopped!
[2017-05-09 03:28:20]: the server is stopping...
[2017-05-09 03:28:20]: the server is stopped!
[2017-05-09 03:28:26]: the server is start.
[2017-05-09 03:28:28]: the server is start.
[2017-05-09 03:29:57]: the server is stopping...
[2017-05-09 03:29:57]: the server is stopped!
[2017-05-09 03:29:58]: the server is stopping...
[2017-05-09 03:29:58]: the server is stopped!
[2017-05-09 03:30:00]: the server is start.
[2017-05-09 03:30:02]: the server is start.
[2017-05-09 03:31:05]: the server is stopping...
[2017-05-09 03:31:05]: the server is stopped!
[2017-05-09 03:31:06]: the server is stopping...
[2017-05-09 03:31:06]: the server is stopped!
[2017-05-09 03:31:08]: the server is start.
[2017-05-09 03:31:09]: the server is start.
[2017-05-09 03:31:36]: the server is stopping...
[2017-05-09 03:31:36]: the server is stopped!
[2017-05-09 03:31:37]: the server is stopping...
[2017-05-09 03:31:37]: the server is stopped!
[2017-05-09 03:31:38]: the server is start.
[2017-05-09 03:31:39]: the server is start.
[2017-05-09 03:31:45]: the server is stopping...
[2017-05-09 03:31:45]: the server is stopped!
[2017-05-09 03:31:45]: the server is stopping...
[2017-05-09 03:31:45]: the server is stopped!
[2017-05-09 03:36:07]: the server is start.
[2017-05-09 03:36:08]: the server is start.
[2017-05-09 03:36:17]: the server is stopping...
[2017-05-09 03:36:17]: the server is stopped!
[2017-05-09 03:36:18]: the server is start.
[2017-05-09 03:36:24]: the server is stopping...
[2017-05-09 03:36:24]: the server is stopped!
[2017-05-09 03:36:25]: the server is stopping...
[2017-05-09 03:36:25]: the server is stopped!
[2017-05-09 03:37:15]: the server is start.
[2017-05-09 03:37:16]: the server is start.
[2017-05-09 03:37:30]: the server is stopping...
[2017-05-09 03:37:30]: the server is stopped!
[2017-05-09 03:37:31]: the server is stopping...
[2017-05-09 03:37:31]: the server is stopped!
[2017-05-09 04:20:52]: the server is start.
[2017-05-09 04:20:53]: the server is start.
[2017-05-09 04:22:03]: the server is stopping...
[2017-05-09 04:22:03]: the server is stopped!
[2017-05-09 04:22:04]: the server is start.
[2017-05-09 04:22:07]: the server is stopping...
[2017-05-09 04:22:07]: the server is stopped!
[2017-05-09 04:22:09]: the server is stopping...
[2017-05-09 04:22:09]: the server is stopped!
[2017-05-09 04:22:10]: the server is start.
[2017-05-09 04:22:11]: the server is start.
[2017-05-09 04:22:24]: the server is stopping...
[2017-05-09 04:22:24]: the server is stopped!
[2017-05-09 04:22:26]: the server is stopping...
[2017-05-09 04:22:26]: the server is stopped!
[2017-05-09 04:24:33]: the server is start.
[2017-05-09 04:24:34]: the server is start.
[2017-05-09 04:24:36]: the server is stopping...
[2017-05-09 04:24:36]: the server is stopped!
[2017-05-09 04:24:37]: the server is stopping...
[2017-05-09 04:24:37]: the server is stopped!
[2017-05-09 04:35:05]: the server is start.
[2017-05-09 04:35:06]: the server is start.
[2017-05-09 04:35:08]: the server is stopping...
[2017-05-09 04:35:08]: the server is stopped!
[2017-05-09 04:35:10]: the server is stopping...
[2017-05-09 04:35:10]: the server is stopped!
[2017-05-09 04:35:53]: the server is start.
[2017-05-09 04:35:55]: the server is start.
[2017-05-09 04:35:56]: the server is stopping...
[2017-05-09 04:35:56]: the server is stopped!
[2017-05-09 04:35:57]: the server is stopping...
[2017-05-09 04:35:57]: the server is stopped!
[2017-05-09 05:28:16]: the server is start.
[2017-05-09 05:28:18]: the server is start.
[2017-05-09 05:28:26]: the server is stopping...
[2017-05-09 05:28:26]: the server is stopped!
[2017-05-09 05:28:27]: the server is stopping...
[2017-05-09 05:28:27]: the server is stopped!
[2017-05-09 05:30:50]: the server is start.
[2017-05-09 05:30:51]: the server is start.
[2017-05-09 05:30:58]: the server is stopping...
[2017-05-09 05:30:58]: the server is stopped!
[2017-05-09 05:30:59]: the server is stopping...
[2017-05-09 05:30:59]: the server is stopped!
[2017-05-09 05:31:45]: the server is start.
[2017-05-09 05:31:47]: the server is start.
[2017-05-09 05:32:03]: the server is stopping...
[2017-05-09 05:32:03]: the server is stopped!
[2017-05-09 05:32:04]: the server is stopping...
[2017-05-09 05:32:04]: the server is stopped!
[2017-05-09 05:32:54]: the server is start.
[2017-05-09 05:32:55]: the server is start.
[2017-05-09 05:32:56]: the server is stopping...
[2017-05-09 05:32:56]: the server is stopped!
[2017-05-09 05:32:57]: the server is stopping...
[2017-05-09 05:32:57]: the server is stopped!
[2017-05-09 05:38:05]: the server is start.
[2017-05-09 05:38:07]: the server is start.
[2017-05-09 05:38:07]: ended status is 65280.
[2017-05-09 05:38:26]: the server is stopping...
[2017-05-09 05:38:26]: the server is stopped!
[2017-05-09 05:38:28]: the server is stopping...
[2017-05-09 05:38:28]: the server is stopped!
[2017-05-09 05:38:39]: the server is start.
[2017-05-09 05:38:40]: the server is start.
[2017-05-09 05:39:00]: the server is stopping...
[2017-05-09 05:39:00]: the server is stopped!
[2017-05-09 05:39:06]: the server is start.
[2017-05-09 05:39:07]: the server is stopping...
[2017-05-09 05:39:07]: the server is stopped!
[2017-05-09 05:39:08]: the server is start.
[2017-05-09 05:39:54]: the server is stopping...
[2017-05-09 05:39:54]: the server is stopped!
[2017-05-09 05:39:54]: the server is stopping...
[2017-05-09 05:39:54]: the server is stopped!
[2017-05-09 05:39:56]: the server is start.
[2017-05-09 05:39:57]: the server is start.
[2017-05-09 05:40:06]: the server is stopping...
[2017-05-09 05:40:06]: the server is stopped!
[2017-05-09 05:40:09]: the server is stopping...
[2017-05-09 05:40:09]: the server is stopped!
[2017-05-09 05:40:50]: the server is start.
[2017-05-09 05:40:51]: the server is start.
[2017-05-09 05:41:07]: the server is stopping...
[2017-05-09 05:41:07]: the server is stopped!
[2017-05-09 05:41:08]: the server is stopping...
[2017-05-09 05:41:08]: the server is stopped!
[2017-05-09 05:41:28]: the server is start.
[2017-05-09 05:41:31]: the server is start.
[2017-05-09 05:52:31]: the server is stopping...
[2017-05-09 05:52:31]: the server is stopped!
[2017-05-09 05:52:33]: the server is stopping...
[2017-05-09 05:52:33]: the server is stopped!
[2017-05-09 05:54:17]: the server is start.
[2017-05-09 05:54:18]: the server is start.
[2017-05-09 05:54:51]: the server is stopping...
[2017-05-09 05:54:51]: the server is stopped!
[2017-05-09 05:54:52]: the server is stopping...
[2017-05-09 05:54:52]: the server is stopped!
[2017-05-09 05:54:54]: the server is start.
[2017-05-09 05:54:56]: the server is start.
[2017-05-09 05:56:10]: the server is stopping...
[2017-05-09 05:56:10]: the server is stopped!
[2017-05-09 05:56:10]: the server is stopping...
[2017-05-09 05:56:10]: the server is stopped!
[2017-05-09 05:56:12]: the server is start.
[2017-05-09 05:56:14]: the server is start.
[2017-05-09 05:57:16]: the server is stopping...
[2017-05-09 05:57:16]: the server is stopped!
[2017-05-09 05:57:17]: the server is stopping...
[2017-05-09 05:57:17]: the server is stopped!
[2017-05-09 05:57:19]: the server is start.
[2017-05-09 05:57:20]: the server is start.
[2017-05-09 06:02:00]: the server is stopping...
[2017-05-09 06:02:00]: the server is stopped!
[2017-05-09 06:02:01]: the server is stopping...
[2017-05-09 06:02:01]: the server is stopped!
[2017-05-10 09:20:40]: the server is start.
[2017-05-10 10:55:20]: the server is stopping...
[2017-05-10 10:55:20]: the server is stopped!
[2017-05-10 10:55:25]: the server is start.
[2017-05-10 10:55:33]: the server is start.
[2017-05-10 11:14:44]: the server is stopping...
[2017-05-10 11:14:44]: the server is stopped!
[2017-05-10 11:14:45]: the server is stopping...
[2017-05-10 11:14:45]: the server is stopped!
[2017-05-10 11:14:47]: the server is start.
[2017-05-10 11:14:48]: the server is start.
[2017-05-10 11:16:01]: the server is stopping...
[2017-05-10 11:16:01]: the server is stopped!
[2017-05-10 11:16:02]: the server is stopping...
[2017-05-10 11:16:02]: the server is stopped!
[2017-05-10 11:16:04]: the server is start.
[2017-05-10 11:16:05]: the server is start.
[2017-05-10 11:19:55]: the server is stopping...
[2017-05-10 11:19:55]: the server is stopped!
[2017-05-10 11:19:56]: the server is stopping...
[2017-05-10 11:19:56]: the server is stopped!
[2017-05-10 11:19:57]: the server is start.
[2017-05-10 11:19:59]: the server is start.
[2017-05-10 11:21:54]: the server is stopping...
[2017-05-10 11:21:54]: the server is stopped!
[2017-05-10 11:21:55]: the server is stopping...
[2017-05-10 11:21:55]: the server is stopped!
[2017-05-10 11:21:56]: the server is start.
[2017-05-10 11:21:57]: the server is start.
[2017-05-10 11:22:11]: the server is stopping...
[2017-05-10 11:22:11]: the server is stopped!
[2017-05-10 11:22:12]: the server is stopping...
[2017-05-10 11:22:12]: the server is stopped!
[2017-05-10 11:25:11]: the server is start.
[2017-05-10 11:25:13]: the server is start.
[2017-05-10 11:27:51]: the server is stopping...
[2017-05-10 11:27:51]: the server is stopped!
[2017-05-10 11:34:07]: the server is start.
[2017-05-10 11:34:09]: the server is start.
[2017-05-10 11:34:17]: the server is stopping...
[2017-05-10 11:34:17]: the server is stopped!
[2017-05-10 11:34:29]: the server is stopping...
[2017-05-10 11:34:29]: the server is stopped!
[2017-05-10 11:35:21]: the server is start.
[2017-05-10 11:35:22]: the server is start.
[2017-05-10 11:39:31]: the server is stopping...
[2017-05-10 11:39:31]: the server is stopped!
[2017-05-10 11:39:32]: the server is stopping...
[2017-05-10 11:39:32]: the server is stopped!
[2017-05-10 11:39:33]: the server is start.
[2017-05-10 11:39:34]: the server is start.
[2017-05-10 11:39:41]: the server is stopping...
[2017-05-10 11:39:41]: the server is stopped!
[2017-05-10 11:39:42]: the server is stopping...
[2017-05-10 11:39:42]: the server is stopped!
[2017-05-10 11:39:49]: the server is start.
[2017-05-10 11:39:49]: the server is start.
[2017-05-10 11:41:15]: the server is stopping...
[2017-05-10 11:41:15]: the server is stopped!
[2017-05-10 11:41:16]: the server is stopping...
[2017-05-10 11:41:16]: the server is stopped!
[2017-05-10 11:48:50]: the server is start.
[2017-05-10 11:48:52]: the server is start.
[2017-05-10 11:48:58]: the server is stopping...
[2017-05-10 11:48:58]: the server is stopped!
[2017-05-10 11:48:59]: the server is stopping...
[2017-05-10 11:48:59]: the server is stopped!
[2017-05-10 11:49:31]: the server is start.
[2017-05-10 11:49:32]: the server is start.
[2017-05-10 11:49:48]: the server is stopping...
[2017-05-10 11:49:48]: the server is stopped!
[2017-05-10 11:49:48]: the server is stopping...
[2017-05-10 11:49:48]: the server is stopped!
[2017-05-10 11:50:38]: the server is start.
[2017-05-10 11:50:39]: the server is start.
[2017-05-10 11:50:47]: the server is stopping...
[2017-05-10 11:50:47]: the server is stopped!
[2017-05-10 11:50:50]: the server is stopping...
[2017-05-10 11:50:50]: the server is stopped!
[2017-05-10 11:51:41]: the server is start.
[2017-05-10 11:51:42]: the server is start.
[2017-05-10 11:52:11]: the server is stopping...
[2017-05-10 11:52:11]: the server is stopped!
[2017-05-10 11:52:12]: the server is stopping...
[2017-05-10 11:52:12]: the server is stopped!
[2017-05-10 11:52:14]: the server is start.
[2017-05-10 11:52:15]: the server is start.
[2017-05-10 11:53:27]: the server is stopping...
[2017-05-10 11:53:27]: the server is stopped!
[2017-05-10 11:53:28]: the server is stopping...
[2017-05-10 11:53:28]: the server is stopped!
[2017-05-10 11:53:29]: the server is start.
[2017-05-10 11:53:30]: the server is start.
[2017-05-10 11:53:37]: the server is stopping...
[2017-05-10 11:53:37]: the server is stopped!
[2017-05-10 11:53:37]: the server is stopping...
[2017-05-10 11:53:37]: the server is stopped!
[2017-05-10 11:54:15]: the server is start.
[2017-05-10 11:54:16]: the server is start.
[2017-05-10 11:54:21]: the server is stopping...
[2017-05-10 11:54:21]: the server is stopped!
[2017-05-10 11:54:22]: the server is stopping...
[2017-05-10 11:54:22]: the server is stopped!
[2017-05-10 11:55:01]: the server is start.
[2017-05-10 11:55:02]: the server is start.
[2017-05-10 11:56:35]: the server is stopping...
[2017-05-10 11:56:35]: the server is stopped!
[2017-05-10 11:56:36]: the server is stopping...
[2017-05-10 11:56:36]: the server is stopped!
[2017-05-10 11:56:38]: the server is start.
[2017-05-10 11:56:40]: the server is start.
[2017-05-10 11:57:33]: the server is stopping...
[2017-05-10 11:57:33]: the server is stopped!
[2017-05-10 11:57:33]: the server is stopping...
[2017-05-10 11:57:33]: the server is stopped!
[2017-05-10 11:57:34]: the server is start.
[2017-05-10 11:57:35]: the server is start.
[2017-05-10 11:58:24]: the server is stopping...
[2017-05-10 11:58:24]: the server is stopped!
[2017-05-10 11:58:24]: the server is stopping...
[2017-05-10 11:58:24]: the server is stopped!
[2017-05-10 11:58:27]: the server is start.
[2017-05-10 11:58:28]: the server is start.
[2017-05-10 12:53:08]: the server is stopping...
[2017-05-10 12:53:08]: the server is stopped!
[2017-05-10 12:53:09]: the server is stopping...
[2017-05-10 12:53:09]: the server is stopped!
[2017-05-10 12:57:32]: the server is start.
[2017-05-10 12:57:34]: the server is start.
[2017-05-10 12:59:44]: the server is stopping...
[2017-05-10 12:59:44]: the server is stopped!
[2017-05-10 12:59:44]: the server is stopping...
[2017-05-10 12:59:44]: the server is stopped!
[2017-05-10 12:59:45]: the server is start.
[2017-05-10 12:59:47]: the server is start.
[2017-05-10 12:59:51]: the server is stopping...
[2017-05-10 12:59:51]: the server is stopped!
[2017-05-10 12:59:52]: the server is stopping...
[2017-05-10 12:59:52]: the server is stopped!
[2017-05-10 01:02:01]: the server is start.
[2017-05-10 01:02:02]: the server is start.
[2017-05-10 01:08:32]: the server is stopping...
[2017-05-10 01:08:32]: the server is stopped!
[2017-05-10 01:08:32]: the server is stopping...
[2017-05-10 01:08:32]: the server is stopped!
[2017-05-10 01:08:34]: the server is start.
[2017-05-10 01:08:35]: the server is start.
[2017-05-10 01:11:18]: the server is stopping...
[2017-05-10 01:11:18]: the server is stopped!
[2017-05-10 01:11:19]: the server is stopping...
[2017-05-10 01:11:19]: the server is stopped!
[2017-05-10 01:11:20]: the server is start.
[2017-05-10 01:11:21]: the server is start.
[2017-05-10 01:12:05]: the server is stopping...
[2017-05-10 01:12:05]: the server is stopped!
[2017-05-10 01:12:05]: the server is stopping...
[2017-05-10 01:12:05]: the server is stopped!
[2017-05-10 01:15:23]: the server is start.
[2017-05-10 01:15:24]: the server is start.
[2017-05-10 01:15:44]: the server is stopping...
[2017-05-10 01:15:44]: the server is stopped!
[2017-05-10 01:15:45]: the server is stopping...
[2017-05-10 01:15:45]: the server is stopped!
[2017-05-10 01:16:08]: the server is start.
[2017-05-10 01:16:09]: the server is start.
[2017-05-10 01:16:42]: the server is stopping...
[2017-05-10 01:16:42]: the server is stopped!
[2017-05-10 01:16:43]: the server is stopping...
[2017-05-10 01:16:43]: the server is stopped!
[2017-05-10 01:16:45]: the server is start.
[2017-05-10 01:16:46]: the server is start.
[2017-05-10 01:17:05]: the server is stopping...
[2017-05-10 01:17:05]: the server is stopped!
[2017-05-10 01:17:06]: the server is stopping...
[2017-05-10 01:17:06]: the server is stopped!
[2017-05-10 01:36:34]: the server is start.
[2017-05-10 01:36:34]: the server is start.
[2017-05-10 01:36:50]: the server is stopping...
[2017-05-10 01:36:50]: the server is stopped!
[2017-05-10 01:36:50]: the server is stopping...
[2017-05-10 01:36:50]: the server is stopped!
[2017-05-10 01:42:40]: the server is start.
[2017-05-10 01:42:41]: the server is start.
[2017-05-10 02:35:36]: the server is stopping...
[2017-05-10 02:35:36]: the server is stopped!
[2017-05-10 02:35:38]: the server is stopping...
[2017-05-10 02:35:38]: the server is stopped!
[2017-05-10 02:35:51]: the server is start.
[2017-05-10 02:35:53]: the server is start.
[2017-05-10 02:58:36]: the server is stopping...
[2017-05-10 02:58:36]: the server is stopped!
[2017-05-10 02:58:37]: the server is stopping...
[2017-05-10 02:58:37]: the server is stopped!
[2017-05-10 02:58:39]: the server is start.
[2017-05-10 02:58:40]: the server is start.
[2017-05-10 03:27:29]: the server is stopping...
[2017-05-10 03:27:29]: the server is stopped!
[2017-05-10 03:27:30]: the server is stopping...
[2017-05-10 03:27:30]: the server is stopped!
[2017-05-10 03:27:42]: the server is start.
[2017-05-10 03:27:43]: the server is start.
[2017-05-10 03:28:57]: the server is stopping...
[2017-05-10 03:28:57]: the server is stopped!
[2017-05-10 03:28:59]: the server is stopping...
[2017-05-10 03:28:59]: the server is stopped!
[2017-05-10 03:29:00]: the server is start.
[2017-05-10 03:29:02]: the server is start.
[2017-05-10 03:29:10]: the server is stopping...
[2017-05-10 03:29:10]: the server is stopped!
[2017-05-10 03:29:10]: the server is stopping...
[2017-05-10 03:29:10]: the server is stopped!
[2017-05-10 03:29:19]: the server is start.
[2017-05-10 03:29:20]: the server is start.
[2017-05-10 03:47:15]: the server is stopping...
[2017-05-10 03:47:15]: the server is stopped!
[2017-05-10 03:47:16]: the server is stopping...
[2017-05-10 03:47:16]: the server is stopped!
[2017-05-10 03:47:19]: the server is start.
[2017-05-10 03:47:20]: the server is start.
[2017-05-10 03:47:36]: the server is stopping...
[2017-05-10 03:47:36]: the server is stopped!
[2017-05-10 03:47:40]: the server is stopping...
[2017-05-10 03:47:40]: the server is stopped!
[2017-05-10 03:48:19]: the server is start.
[2017-05-10 03:48:20]: the server is start.
[2017-05-10 03:52:16]: the server is stopping...
[2017-05-10 03:52:16]: the server is stopped!
[2017-05-10 03:52:17]: the server is start.
[2017-05-10 03:53:45]: the server is stopping...
[2017-05-10 03:53:45]: the server is stopped!
[2017-05-10 03:53:45]: the server is start.
[2017-05-10 03:55:44]: the server is stopping...
[2017-05-10 03:55:44]: the server is stopped!
[2017-05-10 03:55:46]: the server is start.
[2017-05-10 03:57:56]: the server is stopping...
[2017-05-10 03:57:56]: the server is stopped!
[2017-05-10 03:57:57]: the server is stopping...
[2017-05-10 03:57:57]: the server is stopped!
[2017-05-10 03:58:15]: the server is start.
[2017-05-10 03:58:16]: the server is start.
[2017-05-10 05:07:14]: the server is stopping...
[2017-05-10 05:07:14]: the server is stopped!
[2017-05-10 05:07:15]: the server is stopping...
[2017-05-10 05:07:15]: the server is stopped!
[2017-05-10 05:07:57]: the server is start.
[2017-05-10 05:07:59]: the server is start.
[2017-05-10 05:11:17]: the server is stopping...
[2017-05-10 05:11:17]: the server is stopped!
[2017-05-10 05:11:17]: the server is stopping...
[2017-05-10 05:11:17]: the server is stopped!
[2017-05-10 05:11:19]: the server is start.
[2017-05-10 05:11:20]: the server is start.
[2017-05-10 05:14:34]: the server is stopping...
[2017-05-10 05:14:34]: the server is stopped!
[2017-05-10 05:14:36]: the server is start.
[2017-05-10 05:17:58]: the server is stopping...
[2017-05-10 05:17:58]: the server is stopped!
[2017-05-10 05:17:59]: the server is stopping...
[2017-05-10 05:17:59]: the server is stopped!
[2017-05-10 05:18:00]: the server is start.
[2017-05-10 05:18:01]: the server is start.
[2017-05-10 05:19:12]: the server is stopping...
[2017-05-10 05:19:12]: the server is stopped!
[2017-05-10 05:19:14]: the server is stopping...
[2017-05-10 05:19:14]: the server is stopped!
[2017-05-10 05:19:15]: the server is start.
[2017-05-10 05:19:16]: the server is start.
[2017-05-10 06:00:02]: the server is stopping...
[2017-05-10 06:00:02]: the server is stopped!
[2017-05-10 06:00:03]: the server is stopping...
[2017-05-10 06:00:03]: the server is stopped!
[2017-05-11 09:44:58]: the server is start.
[2017-05-11 10:00:12]: the server is start.
[2017-05-11 10:02:26]: the server is stopping...
[2017-05-11 10:02:26]: the server is stopped!
[2017-05-11 10:02:27]: the server is stopping...
[2017-05-11 10:02:27]: the server is stopped!
[2017-05-11 10:02:28]: the server is start.
[2017-05-11 10:02:29]: the server is start.
[2017-05-11 10:02:40]: the server is stopping...
[2017-05-11 10:02:40]: the server is stopped!
[2017-05-11 10:02:43]: the server is stopping...
[2017-05-11 10:02:43]: the server is stopped!
[2017-05-11 10:02:47]: the server is start.
[2017-05-11 10:02:49]: the server is start.
[2017-05-11 10:03:12]: the server is stopping...
[2017-05-11 10:03:12]: the server is stopped!
[2017-05-11 10:03:14]: the server is stopping...
[2017-05-11 10:03:14]: the server is stopped!
[2017-05-11 10:03:26]: the server is start.
[2017-05-11 10:03:27]: the server is start.
[2017-05-11 10:03:31]: the server is stopping...
[2017-05-11 10:03:31]: the server is stopped!
[2017-05-11 10:03:34]: the server is stopping...
[2017-05-11 10:03:34]: the server is stopped!
[2017-05-11 10:05:35]: the server is start.
[2017-05-11 10:05:36]: the server is start.
[2017-05-11 10:05:48]: the server is stopping...
[2017-05-11 10:05:48]: the server is stopped!
[2017-05-11 10:05:49]: the server is stopping...
[2017-05-11 10:05:49]: the server is stopped!
[2017-05-11 10:05:52]: the server is start.
[2017-05-11 10:05:55]: the server is stopping...
[2017-05-11 10:05:55]: the server is stopped!
[2017-05-11 10:06:08]: the server is start.
[2017-05-11 10:06:09]: the server is start.
[2017-05-11 10:06:21]: the server is stopping...
[2017-05-11 10:06:21]: the server is stopped!
[2017-05-11 10:06:22]: the server is stopping...
[2017-05-11 10:06:22]: the server is stopped!
[2017-05-11 10:08:13]: the server is start.
[2017-05-11 10:08:14]: the server is start.
[2017-05-11 10:08:15]: the server is stopping...
[2017-05-11 10:08:15]: the server is stopped!
[2017-05-11 10:08:16]: the server is stopping...
[2017-05-11 10:08:16]: the server is stopped!
[2017-05-11 10:13:37]: the server is start.
[2017-05-11 10:13:38]: the server is start.
[2017-05-11 10:13:43]: the server is stopping...
[2017-05-11 10:13:43]: the server is stopped!
[2017-05-11 10:13:44]: the server is stopping...
[2017-05-11 10:13:44]: the server is stopped!
[2017-05-11 10:14:17]: the server is start.
[2017-05-11 10:14:18]: the server is start.
[2017-05-11 10:14:20]: the server is stopping...
[2017-05-11 10:14:20]: the server is stopped!
[2017-05-11 10:14:21]: the server is stopping...
[2017-05-11 10:14:21]: the server is stopped!
[2017-05-11 10:15:51]: the server is start.
[2017-05-11 10:15:52]: the server is start.
[2017-05-11 10:15:54]: the server is stopping...
[2017-05-11 10:15:54]: the server is stopped!
[2017-05-11 10:15:55]: the server is stopping...
[2017-05-11 10:15:55]: the server is stopped!
[2017-05-11 10:16:08]: the server is start.
[2017-05-11 10:16:09]: the server is start.
[2017-05-11 10:20:40]: the server is stopping...
[2017-05-11 10:20:40]: the server is stopped!
[2017-05-11 10:20:43]: the server is stopping...
[2017-05-11 10:20:43]: the server is stopped!
[2017-05-11 10:20:45]: the server is start.
[2017-05-11 10:20:46]: the server is start.
[2017-05-11 10:21:06]: the server is stopping...
[2017-05-11 10:21:06]: the server is stopped!
[2017-05-11 10:21:07]: the server is stopping...
[2017-05-11 10:21:07]: the server is stopped!
[2017-05-11 10:22:34]: the server is start.
[2017-05-11 10:22:35]: the server is start.
[2017-05-11 10:22:42]: the server is stopping...
[2017-05-11 10:22:42]: the server is stopped!
[2017-05-11 10:22:43]: the server is stopping...
[2017-05-11 10:22:43]: the server is stopped!
[2017-05-11 10:25:48]: the server is start.
[2017-05-11 10:25:50]: the server is start.
[2017-05-11 10:26:14]: the server is stopping...
[2017-05-11 10:26:14]: the server is stopped!
[2017-05-11 10:26:14]: the server is stopping...
[2017-05-11 10:26:14]: the server is stopped!
[2017-05-11 10:27:37]: the server is start.
[2017-05-11 10:27:38]: the server is start.
[2017-05-11 10:30:15]: the server is stopping...
[2017-05-11 10:30:15]: the server is stopped!
[2017-05-11 10:30:16]: the server is stopping...
[2017-05-11 10:30:16]: the server is stopped!
[2017-05-11 10:30:18]: the server is start.
[2017-05-11 10:30:19]: the server is start.
[2017-05-11 10:30:27]: the server is stopping...
[2017-05-11 10:30:27]: the server is stopped!
[2017-05-11 10:30:28]: the server is stopping...
[2017-05-11 10:30:28]: the server is stopped!
[2017-05-12 09:51:46]: the server is start.
[2017-05-12 09:51:55]: the server is start.
[2017-05-12 09:53:21]: the server is stopping...
[2017-05-12 09:53:21]: the server is stopped!
[2017-05-12 09:53:21]: the server is stopping...
[2017-05-12 09:53:21]: the server is stopped!
[2017-05-12 09:53:24]: the server is start.
[2017-05-12 09:53:25]: the server is start.
[2017-05-12 09:53:35]: the server is stopping...
[2017-05-12 09:53:35]: the server is stopped!
[2017-05-12 09:53:36]: the server is stopping...
[2017-05-12 09:53:36]: the server is stopped!
[2017-05-12 09:58:16]: the server is start.
[2017-05-12 09:58:17]: the server is start.
[2017-05-12 10:00:14]: the server is stopping...
[2017-05-12 10:00:14]: the server is stopped!
[2017-05-12 10:00:15]: the server is stopping...
[2017-05-12 10:00:15]: the server is stopped!
[2017-05-12 10:00:17]: the server is start.
[2017-05-12 10:00:18]: the server is start.
[2017-05-12 11:37:40]: the server is stopping...
[2017-05-12 11:37:40]: the server is stopped!
[2017-05-12 11:37:41]: the server is stopping...
[2017-05-12 11:37:41]: the server is stopped!
[2017-05-12 11:41:57]: the server is start.
[2017-05-12 11:41:58]: the server is start.
[2017-05-12 11:42:16]: the server is stopping...
[2017-05-12 11:42:16]: the server is stopped!
[2017-05-12 11:54:36]: the server is stopping...
[2017-05-12 11:54:36]: the server is stopped!
[2017-05-12 11:54:47]: the server is start.
[2017-05-12 11:54:48]: the server is start.
[2017-05-12 11:54:51]: the server is stopping...
[2017-05-12 11:54:51]: the server is stopped!
[2017-05-12 11:54:52]: the server is stopping...
[2017-05-12 11:54:52]: the server is stopped!
[2017-05-12 11:58:10]: the server is start.
[2017-05-12 11:58:11]: the server is start.
[2017-05-12 11:58:16]: the server is stopping...
[2017-05-12 11:58:16]: the server is stopped!
[2017-05-12 11:58:17]: the server is stopping...
[2017-05-12 11:58:17]: the server is stopped!
[2017-05-12 11:58:39]: the server is start.
[2017-05-12 11:58:40]: the server is start.
[2017-05-12 11:58:42]: the server is stopping...
[2017-05-12 11:58:42]: the server is stopped!
[2017-05-12 11:58:43]: the server is start.
[2017-05-12 11:58:44]: the server is stopping...
[2017-05-12 11:58:44]: the server is stopped!
[2017-05-12 11:58:45]: the server is stopping...
[2017-05-12 11:58:45]: the server is stopped!
[2017-05-12 11:59:13]: the server is start.
[2017-05-12 11:59:14]: the server is start.
[2017-05-12 11:59:24]: the server is stopping...
[2017-05-12 11:59:24]: the server is stopped!
[2017-05-12 11:59:25]: the server is stopping...
[2017-05-12 11:59:25]: the server is stopped!
[2017-05-12 05:36:44]: the server is start.
[2017-05-12 05:36:46]: the server is start.
[2017-05-12 05:36:49]: the server is stopping...
[2017-05-12 05:36:49]: the server is stopped!
[2017-05-12 05:36:50]: the server is stopping...
[2017-05-12 05:36:50]: the server is stopped!
[2017-05-12 05:37:35]: the server is start.
[2017-05-12 05:37:36]: the server is start.
[2017-05-12 05:37:40]: the server is stopping...
[2017-05-12 05:37:40]: the server is stopped!
[2017-05-12 05:37:42]: the server is start.
[2017-05-12 05:37:43]: the server is stopping...
[2017-05-12 05:37:43]: the server is stopped!
[2017-05-12 05:37:58]: the server is stopping...
[2017-05-12 05:37:58]: the server is stopped!
[2017-05-12 05:39:40]: the server is start.
[2017-05-12 05:39:41]: the server is start.
[2017-05-12 05:39:48]: the server is stopping...
[2017-05-12 05:39:48]: the server is stopped!
[2017-05-12 05:39:49]: the server is stopping...
[2017-05-12 05:39:49]: the server is stopped!
[2017-05-12 05:43:22]: the server is start.
[2017-05-12 05:43:23]: the server is start.
[2017-05-12 05:43:29]: the server is stopping...
[2017-05-12 05:43:29]: the server is stopped!
[2017-05-12 05:43:29]: the server is stopping...
[2017-05-12 05:43:29]: the server is stopped!
[2017-05-12 05:44:18]: the server is start.
[2017-05-12 05:44:19]: the server is start.
[2017-05-12 05:44:23]: the server is stopping...
[2017-05-12 05:44:23]: the server is stopped!
[2017-05-12 05:44:23]: the server is stopping...
[2017-05-12 05:44:23]: the server is stopped!
[2017-05-12 05:46:00]: the server is start.
[2017-05-12 05:46:01]: the server is start.
[2017-05-12 05:46:14]: the server is stopping...
[2017-05-12 05:46:14]: the server is stopped!
[2017-05-12 05:46:14]: the server is stopping...
[2017-05-12 05:46:14]: the server is stopped!
[2017-05-12 05:48:15]: the server is start.
[2017-05-12 05:48:16]: the server is start.
[2017-05-12 05:58:28]: the server is stopping...
[2017-05-12 05:58:28]: the server is stopped!
[2017-05-12 05:58:30]: the server is stopping...
[2017-05-12 05:58:30]: the server is stopped!
[2017-05-12 05:58:30]: the server is start.
[2017-05-12 05:58:31]: the server is start.
[2017-05-12 05:58:39]: the server is stopping...
[2017-05-12 05:58:39]: the server is stopped!
[2017-05-12 05:58:40]: the server is stopping...
[2017-05-12 05:58:40]: the server is stopped!
[2017-05-12 05:59:08]: the server is start.
[2017-05-12 05:59:09]: the server is start.
[2017-05-12 06:00:42]: the server is stopping...
[2017-05-12 06:00:42]: the server is stopped!
[2017-05-12 06:00:42]: the server is stopping...
[2017-05-12 06:00:42]: the server is stopped!
